# JRE version: OpenJDK Runtime Environment (19.0.2+7) (build 19.0.2+7-Ubuntu-0ubuntu322.04)
# Java VM: OpenJDK 64-Bit Server VM (19.0.2+7-Ubuntu-0ubuntu322.04, mixed mode, sharing, tiered, compressed oops, compressed class ptrs, g1 gc, linux-amd64)
GC Precious Log:
 CardTable entry size: 512
 Card Set container configuration: InlinePtr #cards 5 size 8 Array Of Cards #cards 12 size 40 Howl #buckets 4 coarsen threshold 1843 Howl Bitmap #cards 512 size 80 coarsen threshold 460 Card regions per heap region 1 cards per card region 2048
 CPUs: 4 total, 4 available
 Memory: 7716M
 Large Page Support: Disabled
 NUMA Support: Disabled
 Compressed Oops: Enabled (32-bit)
 Heap Region Size: 1M
 Heap Min Capacity: 8M
 Heap Initial Capacity: 122M
 Heap Max Capacity: 1930M
 Pre-touch: Disabled
 Parallel Workers: 4
 Concurrent Workers: 1
 Concurrent Refinement Workers: 4
 Periodic GC: Disabled
Heap:
 garbage-first heap   total 97280K, used 68364K [0x0000000087600000, 0x0000000100000000)
  region size 1024K, 18 young (18432K), 1 survivors (1024K)
 Metaspace       used 30338K, committed 30656K, reserved 1114112K
  class space    used 4113K, committed 4288K, reserved 1048576K
GC Heap History (20 events):
Event: 11457,098 GC heap before
{Heap before GC invocations=60 (full 0):
 garbage-first heap   total 81920K, used 46053K [0x0000000087600000, 0x0000000100000000)
  region size 1024K, 4 young (4096K), 3 survivors (3072K)
 Metaspace       used 30271K, committed 30592K, reserved 1114112K
  class space    used 4112K, committed 4288K, reserved 1048576K
}
Event: 11457,102 GC heap after
{Heap after GC invocations=61 (full 0):
 garbage-first heap   total 81920K, used 45061K [0x0000000087600000, 0x0000000100000000)
  region size 1024K, 1 young (1024K), 1 survivors (1024K)
 Metaspace       used 30271K, committed 30592K, reserved 1114112K
  class space    used 4112K, committed 4288K, reserved 1048576K
}
Event: 11457,136 GC heap before
{Heap before GC invocations=61 (full 0):
 garbage-first heap   total 81920K, used 67589K [0x0000000087600000, 0x0000000100000000)
  region size 1024K, 23 young (23552K), 1 survivors (1024K)
 Metaspace       used 30275K, committed 30592K, reserved 1114112K
  class space    used 4112K, committed 4288K, reserved 1048576K
}
Event: 11457,139 GC heap after
{Heap after GC invocations=62 (full 0):
 garbage-first heap   total 81920K, used 47812K [0x0000000087600000, 0x0000000100000000)
  region size 1024K, 3 young (3072K), 3 survivors (3072K)
 Metaspace       used 30275K, committed 30592K, reserved 1114112K
  class space    used 4112K, committed 4288K, reserved 1048576K
}
Event: 11457,188 GC heap before
{Heap before GC invocations=62 (full 0):
 garbage-first heap   total 81920K, used 67268K [0x0000000087600000, 0x0000000100000000)
  region size 1024K, 22 young (22528K), 3 survivors (3072K)
 Metaspace       used 30278K, committed 30592K, reserved 1114112K
  class space    used 4112K, committed 4288K, reserved 1048576K
}
Event: 11457,194 GC heap after
{Heap after GC invocations=63 (full 0):
 garbage-first heap   total 81920K, used 50321K [0x0000000087600000, 0x0000000100000000)
  region size 1024K, 3 young (3072K), 3 survivors (3072K)
 Metaspace       used 30278K, committed 30592K, reserved 1114112K
  class space    used 4112K, committed 4288K, reserved 1048576K
}
Event: 11457,241 GC heap before
{Heap before GC invocations=63 (full 0):
 garbage-first heap   total 97280K, used 66705K [0x0000000087600000, 0x0000000100000000)
  region size 1024K, 19 young (19456K), 3 survivors (3072K)
 Metaspace       used 30281K, committed 30592K, reserved 1114112K
  class space    used 4112K, committed 4288K, reserved 1048576K
}
Event: 11457,249 GC heap after
{Heap after GC invocations=64 (full 0):
 garbage-first heap   total 97280K, used 52425K [0x0000000087600000, 0x0000000100000000)
  region size 1024K, 3 young (3072K), 3 survivors (3072K)
 Metaspace       used 30281K, committed 30592K, reserved 1114112K
  class space    used 4112K, committed 4288K, reserved 1048576K
}
Event: 11701,347 GC heap before
{Heap before GC invocations=65 (full 0):
 garbage-first heap   total 97280K, used 78025K [0x0000000087600000, 0x0000000100000000)
  region size 1024K, 28 young (28672K), 3 survivors (3072K)
 Metaspace       used 30314K, committed 30592K, reserved 1114112K
  class space    used 4112K, committed 4288K, reserved 1048576K
}
Event: 11701,364 GC heap after
{Heap after GC invocations=66 (full 0):
 garbage-first heap   total 97280K, used 53893K [0x0000000087600000, 0x0000000100000000)
  region size 1024K, 2 young (2048K), 2 survivors (2048K)
 Metaspace       used 30314K, committed 30592K, reserved 1114112K
  class space    used 4112K, committed 4288K, reserved 1048576K
}
Event: 11751,342 GC heap before
{Heap before GC invocations=66 (full 0):
 garbage-first heap   total 97280K, used 55941K [0x0000000087600000, 0x0000000100000000)
  region size 1024K, 4 young (4096K), 2 survivors (2048K)
 Metaspace       used 30314K, committed 30592K, reserved 1114112K
  class space    used 4112K, committed 4288K, reserved 1048576K
}
Event: 11751,353 GC heap after
{Heap after GC invocations=67 (full 0):
 garbage-first heap   total 97280K, used 53844K [0x0000000087600000, 0x0000000100000000)
  region size 1024K, 1 young (1024K), 1 survivors (1024K)
 Metaspace       used 30314K, committed 30592K, reserved 1114112K
  class space    used 4112K, committed 4288K, reserved 1048576K
}
Event: 12177,717 GC heap before
{Heap before GC invocations=67 (full 0):
 garbage-first heap   total 97280K, used 77396K [0x0000000087600000, 0x0000000100000000)
  region size 1024K, 24 young (24576K), 1 survivors (1024K)
 Metaspace       used 30318K, committed 30656K, reserved 1114112K
  class space    used 4112K, committed 4288K, reserved 1048576K
}
Event: 12177,718 GC heap after
{Heap after GC invocations=68 (full 0):
 garbage-first heap   total 97280K, used 53642K [0x0000000087600000, 0x0000000100000000)
  region size 1024K, 1 young (1024K), 1 survivors (1024K)
 Metaspace       used 30318K, committed 30656K, reserved 1114112K
  class space    used 4112K, committed 4288K, reserved 1048576K
}
Event: 12671,361 GC heap before
{Heap before GC invocations=69 (full 0):
 garbage-first heap   total 97280K, used 78218K [0x0000000087600000, 0x0000000100000000)
  region size 1024K, 25 young (25600K), 1 survivors (1024K)
 Metaspace       used 30323K, committed 30656K, reserved 1114112K
  class space    used 4112K, committed 4288K, reserved 1048576K
}
Event: 12671,369 GC heap after
{Heap after GC invocations=70 (full 0):
 garbage-first heap   total 97280K, used 53592K [0x0000000087600000, 0x0000000100000000)
  region size 1024K, 1 young (1024K), 1 survivors (1024K)
 Metaspace       used 30323K, committed 30656K, reserved 1114112K
  class space    used 4112K, committed 4288K, reserved 1048576K
}
Event: 12731,360 GC heap before
{Heap before GC invocations=70 (full 0):
 garbage-first heap   total 97280K, used 56664K [0x0000000087600000, 0x0000000100000000)
  region size 1024K, 4 young (4096K), 1 survivors (1024K)
 Metaspace       used 30323K, committed 30656K, reserved 1114112K
  class space    used 4112K, committed 4288K, reserved 1048576K
}
Event: 12731,363 GC heap after
{Heap after GC invocations=71 (full 0):
 garbage-first heap   total 97280K, used 52997K [0x0000000087600000, 0x0000000100000000)
  region size 1024K, 1 young (1024K), 1 survivors (1024K)
 Metaspace       used 30323K, committed 30656K, reserved 1114112K
  class space    used 4112K, committed 4288K, reserved 1048576K
}
Event: 13281,360 GC heap before
{Heap before GC invocations=71 (full 0):
 garbage-first heap   total 97280K, used 78597K [0x0000000087600000, 0x0000000100000000)
  region size 1024K, 27 young (27648K), 1 survivors (1024K)
 Metaspace       used 30333K, committed 30656K, reserved 1114112K
  class space    used 4112K, committed 4288K, reserved 1048576K
}
Event: 13281,362 GC heap after
{Heap after GC invocations=72 (full 0):
 garbage-first heap   total 97280K, used 53004K [0x0000000087600000, 0x0000000100000000)
  region size 1024K, 1 young (1024K), 1 survivors (1024K)
 Metaspace       used 30333K, committed 30656K, reserved 1114112K
  class space    used 4112K, committed 4288K, reserved 1048576K
}

